0 info it worked if it ends with ok
1 verbose cli [ '/Users/JuliusGromyko/.nvm/versions/node/v4.2.2/bin/node',
1 verbose cli   '/Users/JuliusGromyko/.nvm/versions/node/v4.2.2/bin/npm',
1 verbose cli   'version',
1 verbose cli   '1.0.4' ]
2 info using npm@2.14.7
3 info using node@v4.2.2
4 error version No valid package.json found
5 verbose stack SyntaxError: Unexpected token
5 verbose stack
5 verbose stack     at Object.parse (native)
5 verbose stack     at /Users/JuliusGromyko/.nvm/versions/node/v4.2.2/lib/node_modules/npm/lib/version.js:35:19
5 verbose stack     at /Users/JuliusGromyko/.nvm/versions/node/v4.2.2/lib/node_modules/npm/node_modules/graceful-fs/graceful-fs.js:76:16
5 verbose stack     at FSReqWrap.readFileAfterClose [as oncomplete] (fs.js:380:3)
6 verbose cwd /Users/JuliusGromyko/Work/OpenSource/angular-translate-directive
7 error Darwin 15.0.0
8 error argv "/Users/JuliusGromyko/.nvm/versions/node/v4.2.2/bin/node" "/Users/JuliusGromyko/.nvm/versions/node/v4.2.2/bin/npm" "version" "1.0.4"
9 error node v4.2.2
10 error npm  v2.14.7
11 error Unexpected token
12 error If you need help, you may report this error at:
12 error     <https://github.com/npm/npm/issues>
13 verbose exit [ 1, true ]
